app/build/intermediates/manifest_merge_blame_file/debug/manifest-merger-blame-debug-report.txt
1<?xml version="1.0" encoding="utf-8"?>
2<manifest xmlns:android="http://schemas.android.com/apk/res/android"
3    package="com.android.myapp"
4    android:versionCode="1"
5    android:versionName="1.0" >
6
7    <uses-sdk
8        android:minSdkVersion="24"
8-->src\main\AndroidManifest.xml
9        android:targetSdkVersion="32" />
9-->src\main\AndroidManifest.xml
10
11    <application
11-->src\main\AndroidManifest.xml:5:5-73:19
12        android:allowBackup="true"
12-->src\main\AndroidManifest.xml:6:9-35
13        android:appComponentFactory="androidx.core.app.CoreComponentFactory"
13-->[androidx.core:core:1.7.0] AndroidManifest.xml:24:18-86
14        android:dataExtractionRules="@xml/data_extraction_rules"
14-->src\main\AndroidManifest.xml:7:9-65
15        android:debuggable="true"
16        android:extractNativeLibs="false"
17        android:fullBackupContent="@xml/backup_rules"
17-->src\main\AndroidManifest.xml:8:9-54
18        android:icon="@mipmap/ic_launcher"
18-->src\main\AndroidManifest.xml:9:9-43
19        android:label="@string/app_name"
19-->src\main\AndroidManifest.xml:10:9-41
20        android:roundIcon="@mipmap/ic_launcher_round"
20-->src\main\AndroidManifest.xml:11:9-54
21        android:supportsRtl="true"
21-->src\main\AndroidManifest.xml:12:9-35
22        android:testOnly="true"
23        android:theme="@style/Theme.MyApp" >
23-->src\main\AndroidManifest.xml:13:9-43
24        <activity
24-->src\main\AndroidManifest.xml:15:9-21:20
25            android:name="com.android.myapp.Product"
25-->src\main\AndroidManifest.xml:16:13-36
26            android:exported="false" >
26-->src\main\AndroidManifest.xml:17:13-37
27            <meta-data
27-->src\main\AndroidManifest.xml:18:13-20:36
28                android:name="android.app.lib_name"
28-->src\main\AndroidManifest.xml:19:17-52
29                android:value="" />
29-->src\main\AndroidManifest.xml:20:17-33
30        </activity>
31        <activity
31-->src\main\AndroidManifest.xml:22:9-28:20
32            android:name="com.android.myapp.form"
32-->src\main\AndroidManifest.xml:23:13-33
33            android:exported="false" >
33-->src\main\AndroidManifest.xml:24:13-37
34            <meta-data
34-->src\main\AndroidManifest.xml:18:13-20:36
35                android:name="android.app.lib_name"
35-->src\main\AndroidManifest.xml:19:17-52
36                android:value="" />
36-->src\main\AndroidManifest.xml:20:17-33
37        </activity>
38        <activity
38-->src\main\AndroidManifest.xml:29:9-35:20
39            android:name="com.android.myapp.Quiz"
39-->src\main\AndroidManifest.xml:30:13-33
40            android:exported="false" >
40-->src\main\AndroidManifest.xml:31:13-37
41            <meta-data
41-->src\main\AndroidManifest.xml:18:13-20:36
42                android:name="android.app.lib_name"
42-->src\main\AndroidManifest.xml:19:17-52
43                android:value="" />
43-->src\main\AndroidManifest.xml:20:17-33
44        </activity>
45        <activity
45-->src\main\AndroidManifest.xml:36:9-42:20
46            android:name="com.android.myapp.Convertor"
46-->src\main\AndroidManifest.xml:37:13-38
47            android:exported="false" >
47-->src\main\AndroidManifest.xml:38:13-37
48            <meta-data
48-->src\main\AndroidManifest.xml:18:13-20:36
49                android:name="android.app.lib_name"
49-->src\main\AndroidManifest.xml:19:17-52
50                android:value="" />
50-->src\main\AndroidManifest.xml:20:17-33
51        </activity>
52        <activity
52-->src\main\AndroidManifest.xml:43:9-49:20
53            android:name="com.android.myapp.Calcul"
53-->src\main\AndroidManifest.xml:44:13-35
54            android:exported="false" >
54-->src\main\AndroidManifest.xml:45:13-37
55            <meta-data
55-->src\main\AndroidManifest.xml:18:13-20:36
56                android:name="android.app.lib_name"
56-->src\main\AndroidManifest.xml:19:17-52
57                android:value="" />
57-->src\main\AndroidManifest.xml:20:17-33
58        </activity>
59        <activity
59-->src\main\AndroidManifest.xml:50:9-55:61
60            android:name="com.android.myapp.MainMenu"
60-->src\main\AndroidManifest.xml:51:13-37
61            android:configChanges="orientation|keyboardHidden|screenSize"
61-->src\main\AndroidManifest.xml:52:13-74
62            android:exported="false"
62-->src\main\AndroidManifest.xml:53:13-37
63            android:label="@string/title_activity_main_menu"
63-->src\main\AndroidManifest.xml:54:13-61
64            android:theme="@style/Theme.MyApp.Fullscreen" />
64-->src\main\AndroidManifest.xml:55:13-58
65        <activity
65-->src\main\AndroidManifest.xml:56:9-68:20
66            android:name="com.android.myapp.MainActivity"
66-->src\main\AndroidManifest.xml:57:13-41
67            android:exported="true" >
67-->src\main\AndroidManifest.xml:58:13-36
68            <intent-filter>
68-->src\main\AndroidManifest.xml:59:13-63:29
69                <action android:name="android.intent.action.MAIN" />
69-->src\main\AndroidManifest.xml:60:17-69
69-->src\main\AndroidManifest.xml:60:25-66
70
71                <category android:name="android.intent.category.LAUNCHER" />
71-->src\main\AndroidManifest.xml:62:17-77
71-->src\main\AndroidManifest.xml:62:27-74
72            </intent-filter>
73
74            <meta-data
74-->src\main\AndroidManifest.xml:18:13-20:36
75                android:name="android.app.lib_name"
75-->src\main\AndroidManifest.xml:19:17-52
76                android:value="" />
76-->src\main\AndroidManifest.xml:20:17-33
77        </activity>
78
79        <meta-data
79-->src\main\AndroidManifest.xml:70:9-72:57
80            android:name="preloaded_fonts"
80-->src\main\AndroidManifest.xml:71:13-43
81            android:resource="@array/preloaded_fonts" />
81-->src\main\AndroidManifest.xml:72:13-54
82
83        <provider
83-->[androidx.emoji2:emoji2:1.0.0] AndroidManifest.xml:26:9-34:20
84            android:name="androidx.startup.InitializationProvider"
84-->[androidx.emoji2:emoji2:1.0.0] AndroidManifest.xml:27:13-67
85            android:authorities="com.android.myapp.androidx-startup"
85-->[androidx.emoji2:emoji2:1.0.0] AndroidManifest.xml:28:13-68
86            android:exported="false" >
86-->[androidx.emoji2:emoji2:1.0.0] AndroidManifest.xml:29:13-37
87            <meta-data
87-->[androidx.emoji2:emoji2:1.0.0] AndroidManifest.xml:31:13-33:52
88                android:name="androidx.emoji2.text.EmojiCompatInitializer"
88-->[androidx.emoji2:emoji2:1.0.0] AndroidManifest.xml:32:17-75
89                android:value="androidx.startup" />
89-->[androidx.emoji2:emoji2:1.0.0] AndroidManifest.xml:33:17-49
90            <meta-data
90-->[androidx.lifecycle:lifecycle-process:2.4.0] AndroidManifest.xml:31:13-33:52
91                android:name="androidx.lifecycle.ProcessLifecycleInitializer"
91-->[androidx.lifecycle:lifecycle-process:2.4.0] AndroidManifest.xml:32:17-78
92                android:value="androidx.startup" />
92-->[androidx.lifecycle:lifecycle-process:2.4.0] AndroidManifest.xml:33:17-49
93        </provider>
94    </application>
95
96</manifest>